Arguments: 
  /home/rafaelflores10/.nvm/versions/node/v16.13.0/bin/node /usr/share/yarn/bin/yarn.js add react

PATH: 
  /home/rafaelflores10/.nvm/versions/node/v16.13.0/bin:/usr/local/sbin:/usr/local/bin:/usr/sbin:/usr/bin:/sbin:/bin:/usr/games:/usr/local/games:/snap/bin

Yarn version: 
  1.22.15

Node version: 
  16.13.0

Platform: 
  linux x64

Trace: 
  SyntaxError: /home/rafaelflores10/projects/rocketSeat/react/Chapter_I/projects/01-github-explorer/package.json: Unexpected string in JSON at position 99
      at JSON.parse (<anonymous>)
      at /usr/share/yarn/lib/cli.js:1625:59
      at Generator.next (<anonymous>)
      at step (/usr/share/yarn/lib/cli.js:310:30)
      at /usr/share/yarn/lib/cli.js:321:13

npm manifest: 
  {
    "name": "01-github-explorer",
    "version": "1.0.0",
    "main": "index.js",
    "license": "MIT"
    "dependencies": {
      "react": "^17.0.1"
    }
  }

yarn manifest: 
  No manifest

Lockfile: 
  No lockfile
